# JRE version: Java(TM) SE Runtime Environment (8.0_152-b16) (build 1.8.0_152-b16)
# Java VM: Java HotSpot(TM) 64-Bit Server VM (25.152-b16 mixed mode windows-amd64 compressed oops)
Heap:
 PSYoungGen      total 268288K, used 47529K [0x00000000d5e00000, 0x00000000edf80000, 0x0000000100000000)
  eden space 238080K, 10% used [0x00000000d5e00000,0x00000000d77682b8,0x00000000e4680000)
  from space 30208K, 71% used [0x00000000e4680000,0x00000000e5b82180,0x00000000e6400000)
  to   space 31232K, 0% used [0x00000000ec100000,0x00000000ec100000,0x00000000edf80000)
 ParOldGen       total 124928K, used 51140K [0x0000000081a00000, 0x0000000089400000, 0x00000000d5e00000)
  object space 124928K, 40% used [0x0000000081a00000,0x0000000084bf1320,0x0000000089400000)
 Metaspace       used 50205K, capacity 51096K, committed 51456K, reserved 1095680K
  class space    used 5862K, capacity 6079K, committed 6144K, reserved 1048576K
GC Heap History (10 events):
Event: 10.871 GC heap before
{Heap before GC invocations=13 (full 1):
 PSYoungGen      total 143872K, used 139132K [0x00000000d5e00000, 0x00000000e3400000, 0x0000000100000000)
  eden space 120320K, 100% used [0x00000000d5e00000,0x00000000dd380000,0x00000000dd380000)
  from space 23552K, 79% used [0x00000000dd380000,0x00000000de5df368,0x00000000dea80000)
  to   space 25088K, 0% used [0x00000000e1b80000,0x00000000e1b80000,0x00000000e3400000)
 ParOldGen       total 64000K, used 42070K [0x0000000081a00000, 0x0000000085880000, 0x00000000d5e00000)
  object space 64000K, 65% used [0x0000000081a00000,0x0000000084315808,0x0000000085880000)
 Metaspace       used 30394K, capacity 31004K, committed 31104K, reserved 1077248K
  class space    used 3468K, capacity 3617K, committed 3712K, reserved 1048576K
Event: 10.894 GC heap after
Heap after GC invocations=13 (full 1):
 PSYoungGen      total 192512K, used 20487K [0x00000000d5e00000, 0x00000000e3900000, 0x0000000100000000)
  eden space 167424K, 0% used [0x00000000d5e00000,0x00000000d5e00000,0x00000000e0180000)
  from space 25088K, 81% used [0x00000000e1b80000,0x00000000e2f81cd0,0x00000000e3400000)
  to   space 26624K, 0% used [0x00000000e0180000,0x00000000e0180000,0x00000000e1b80000)
 ParOldGen       total 64000K, used 45141K [0x0000000081a00000, 0x0000000085880000, 0x00000000d5e00000)
  object space 64000K, 70% used [0x0000000081a00000,0x0000000084615670,0x0000000085880000)
 Metaspace       used 30394K, capacity 31004K, committed 31104K, reserved 1077248K
  class space    used 3468K, capacity 3617K, committed 3712K, reserved 1048576K
}
Event: 11.426 GC heap before
{Heap before GC invocations=14 (full 1):
 PSYoungGen      total 192512K, used 187911K [0x00000000d5e00000, 0x00000000e3900000, 0x0000000100000000)
  eden space 167424K, 100% used [0x00000000d5e00000,0x00000000e0180000,0x00000000e0180000)
  from space 25088K, 81% used [0x00000000e1b80000,0x00000000e2f81cd0,0x00000000e3400000)
  to   space 26624K, 0% used [0x00000000e0180000,0x00000000e0180000,0x00000000e1b80000)
 ParOldGen       total 64000K, used 45141K [0x0000000081a00000, 0x0000000085880000, 0x00000000d5e00000)
  object space 64000K, 70% used [0x0000000081a00000,0x0000000084615670,0x0000000085880000)
 Metaspace       used 30395K, capacity 31004K, committed 31104K, reserved 1077248K
  class space    used 3468K, capacity 3617K, committed 3712K, reserved 1048576K
Event: 11.456 GC heap after
Heap after GC invocations=14 (full 1):
 PSYoungGen      total 194048K, used 26603K [0x00000000d5e00000, 0x00000000e8600000, 0x0000000100000000)
  eden space 167424K, 0% used [0x00000000d5e00000,0x00000000d5e00000,0x00000000e0180000)
  from space 26624K, 99% used [0x00000000e0180000,0x00000000e1b7ae18,0x00000000e1b80000)
  to   space 31744K, 0% used [0x00000000e6700000,0x00000000e6700000,0x00000000e8600000)
 ParOldGen       total 64000K, used 48007K [0x0000000081a00000, 0x0000000085880000, 0x00000000d5e00000)
  object space 64000K, 75% used [0x0000000081a00000,0x00000000848e1d78,0x0000000085880000)
 Metaspace       used 30395K, capacity 31004K, committed 31104K, reserved 1077248K
  class space    used 3468K, capacity 3617K, committed 3712K, reserved 1048576K
}
Event: 12.163 GC heap before
{Heap before GC invocations=15 (full 1):
 PSYoungGen      total 194048K, used 139723K [0x00000000d5e00000, 0x00000000e8600000, 0x0000000100000000)
  eden space 167424K, 67% used [0x00000000d5e00000,0x00000000dcc77f58,0x00000000e0180000)
  from space 26624K, 99% used [0x00000000e0180000,0x00000000e1b7ae18,0x00000000e1b80000)
  to   space 31744K, 0% used [0x00000000e6700000,0x00000000e6700000,0x00000000e8600000)
 ParOldGen       total 64000K, used 48007K [0x0000000081a00000, 0x0000000085880000, 0x00000000d5e00000)
  object space 64000K, 75% used [0x0000000081a00000,0x00000000848e1d78,0x0000000085880000)
 Metaspace       used 34675K, capacity 35386K, committed 35456K, reserved 1081344K
  class space    used 4004K, capacity 4206K, committed 4224K, reserved 1048576K
Event: 12.185 GC heap after
Heap after GC invocations=15 (full 1):
 PSYoungGen      total 265216K, used 15145K [0x00000000d5e00000, 0x00000000e8180000, 0x0000000100000000)
  eden space 238080K, 0% used [0x00000000d5e00000,0x00000000d5e00000,0x00000000e4680000)
  from space 27136K, 55% used [0x00000000e6700000,0x00000000e75ca658,0x00000000e8180000)
  to   space 30208K, 0% used [0x00000000e4680000,0x00000000e4680000,0x00000000e6400000)
 ParOldGen       total 64000K, used 51017K [0x0000000081a00000, 0x0000000085880000, 0x00000000d5e00000)
  object space 64000K, 79% used [0x0000000081a00000,0x0000000084bd2720,0x0000000085880000)
 Metaspace       used 34675K, capacity 35386K, committed 35456K, reserved 1081344K
  class space    used 4004K, capacity 4206K, committed 4224K, reserved 1048576K
}
Event: 12.185 GC heap before
{Heap before GC invocations=16 (full 2):
 PSYoungGen      total 265216K, used 15145K [0x00000000d5e00000, 0x00000000e8180000, 0x0000000100000000)
  eden space 238080K, 0% used [0x00000000d5e00000,0x00000000d5e00000,0x00000000e4680000)
  from space 27136K, 55% used [0x00000000e6700000,0x00000000e75ca658,0x00000000e8180000)
  to   space 30208K, 0% used [0x00000000e4680000,0x00000000e4680000,0x00000000e6400000)
 ParOldGen       total 64000K, used 51017K [0x0000000081a00000, 0x0000000085880000, 0x00000000d5e00000)
  object space 64000K, 79% used [0x0000000081a00000,0x0000000084bd2720,0x0000000085880000)
 Metaspace       used 34675K, capacity 35386K, committed 35456K, reserved 1081344K
  class space    used 4004K, capacity 4206K, committed 4224K, reserved 1048576K
Event: 12.293 GC heap after
Heap after GC invocations=16 (full 2):
 PSYoungGen      total 265216K, used 0K [0x00000000d5e00000, 0x00000000e8180000, 0x0000000100000000)
  eden space 238080K, 0% used [0x00000000d5e00000,0x00000000d5e00000,0x00000000e4680000)
  from space 27136K, 0% used [0x00000000e6700000,0x00000000e6700000,0x00000000e8180000)
  to   space 30208K, 0% used [0x00000000e4680000,0x00000000e4680000,0x00000000e6400000)
 ParOldGen       total 124928K, used 51132K [0x0000000081a00000, 0x0000000089400000, 0x00000000d5e00000)
  object space 124928K, 40% used [0x0000000081a00000,0x0000000084bef320,0x0000000089400000)
 Metaspace       used 34675K, capacity 35386K, committed 35456K, reserved 1081344K
  class space    used 4004K, capacity 4206K, committed 4224K, reserved 1048576K
}
Event: 14.485 GC heap before
{Heap before GC invocations=17 (full 2):
 PSYoungGen      total 265216K, used 238080K [0x00000000d5e00000, 0x00000000e8180000, 0x0000000100000000)
  eden space 238080K, 100% used [0x00000000d5e00000,0x00000000e4680000,0x00000000e4680000)
  from space 27136K, 0% used [0x00000000e6700000,0x00000000e6700000,0x00000000e8180000)
  to   space 30208K, 0% used [0x00000000e4680000,0x00000000e4680000,0x00000000e6400000)
 ParOldGen       total 124928K, used 51132K [0x0000000081a00000, 0x0000000089400000, 0x00000000d5e00000)
  object space 124928K, 40% used [0x0000000081a00000,0x0000000084bef320,0x0000000089400000)
 Metaspace       used 49800K, capacity 50680K, committed 50944K, reserved 1093632K
  class space    used 5814K, capacity 6047K, committed 6144K, reserved 1048576K
Event: 14.510 GC heap after
Heap after GC invocations=17 (full 2):
 PSYoungGen      total 268288K, used 21512K [0x00000000d5e00000, 0x00000000edf80000, 0x0000000100000000)
  eden space 238080K, 0% used [0x00000000d5e00000,0x00000000d5e00000,0x00000000e4680000)
  from space 30208K, 71% used [0x00000000e4680000,0x00000000e5b82180,0x00000000e6400000)
  to   space 31232K, 0% used [0x00000000ec100000,0x00000000ec100000,0x00000000edf80000)
 ParOldGen       total 124928K, used 51140K [0x0000000081a00000, 0x0000000089400000, 0x00000000d5e00000)
  object space 124928K, 40% used [0x0000000081a00000,0x0000000084bf1320,0x0000000089400000)
 Metaspace       used 49800K, capacity 50680K, committed 50944K, reserved 1093632K
  class space    used 5814K, capacity 6047K, committed 6144K, reserved 1048576K
}

