# JRE version: Java(TM) SE Runtime Environment (8.0_152-b16) (build 1.8.0_152-b16)
# Java VM: Java HotSpot(TM) 64-Bit Server VM (25.152-b16 mixed mode windows-amd64 compressed oops)
Heap:
 PSYoungGen      total 460800K, used 29022K [0x00000000d5e00000, 0x00000000f4700000, 0x0000000100000000)
  eden space 428032K, 6% used [0x00000000d5e00000,0x00000000d7a57b50,0x00000000f0000000)
  from space 32768K, 0% used [0x00000000f2700000,0x00000000f2700000,0x00000000f4700000)
  to   space 36352K, 0% used [0x00000000f0000000,0x00000000f0000000,0x00000000f2380000)
 ParOldGen       total 123904K, used 42694K [0x0000000081a00000, 0x0000000089300000, 0x00000000d5e00000)
  object space 123904K, 34% used [0x0000000081a00000,0x00000000843b1ac8,0x0000000089300000)
 Metaspace       used 60922K, capacity 61846K, committed 62168K, reserved 1103872K
  class space    used 6814K, capacity 7076K, committed 7168K, reserved 1048576K
GC Heap History (10 events):
Event: 11.900 GC heap before
{Heap before GC invocations=15 (full 1):
 PSYoungGen      total 234496K, used 39629K [0x00000000d5e00000, 0x00000000ec980000, 0x0000000100000000)
  eden space 204800K, 5% used [0x00000000d5e00000,0x00000000d692d1d0,0x00000000e2600000)
  from space 29696K, 94% used [0x00000000e2600000,0x00000000e41863e0,0x00000000e4300000)
  to   space 33280K, 0% used [0x00000000ea900000,0x00000000ea900000,0x00000000ec980000)
 ParOldGen       total 59392K, used 46938K [0x0000000081a00000, 0x0000000085400000, 0x00000000d5e00000)
  object space 59392K, 79% used [0x0000000081a00000,0x00000000847d6b40,0x0000000085400000)
 Metaspace       used 34699K, capacity 35386K, committed 35456K, reserved 1081344K
  class space    used 4007K, capacity 4206K, committed 4224K, reserved 1048576K
Event: 11.910 GC heap after
Heap after GC invocations=15 (full 1):
 PSYoungGen      total 338432K, used 1648K [0x00000000d5e00000, 0x00000000ecc80000, 0x0000000100000000)
  eden space 305152K, 0% used [0x00000000d5e00000,0x00000000d5e00000,0x00000000e8800000)
  from space 33280K, 4% used [0x00000000ea900000,0x00000000eaa9c0e8,0x00000000ec980000)
  to   space 33792K, 0% used [0x00000000e8800000,0x00000000e8800000,0x00000000ea900000)
 ParOldGen       total 59392K, used 53529K [0x0000000081a00000, 0x0000000085400000, 0x00000000d5e00000)
  object space 59392K, 90% used [0x0000000081a00000,0x0000000084e46518,0x0000000085400000)
 Metaspace       used 34699K, capacity 35386K, committed 35456K, reserved 1081344K
  class space    used 4007K, capacity 4206K, committed 4224K, reserved 1048576K
}
Event: 11.910 GC heap before
{Heap before GC invocations=16 (full 2):
 PSYoungGen      total 338432K, used 1648K [0x00000000d5e00000, 0x00000000ecc80000, 0x0000000100000000)
  eden space 305152K, 0% used [0x00000000d5e00000,0x00000000d5e00000,0x00000000e8800000)
  from space 33280K, 4% used [0x00000000ea900000,0x00000000eaa9c0e8,0x00000000ec980000)
  to   space 33792K, 0% used [0x00000000e8800000,0x00000000e8800000,0x00000000ea900000)
 ParOldGen       total 59392K, used 53529K [0x0000000081a00000, 0x0000000085400000, 0x00000000d5e00000)
  object space 59392K, 90% used [0x0000000081a00000,0x0000000084e46518,0x0000000085400000)
 Metaspace       used 34699K, capacity 35386K, committed 35456K, reserved 1081344K
  class space    used 4007K, capacity 4206K, committed 4224K, reserved 1048576K
Event: 12.052 GC heap after
Heap after GC invocations=16 (full 2):
 PSYoungGen      total 338432K, used 0K [0x00000000d5e00000, 0x00000000ecc80000, 0x0000000100000000)
  eden space 305152K, 0% used [0x00000000d5e00000,0x00000000d5e00000,0x00000000e8800000)
  from space 33280K, 0% used [0x00000000ea900000,0x00000000ea900000,0x00000000ec980000)
  to   space 33792K, 0% used [0x00000000e8800000,0x00000000e8800000,0x00000000ea900000)
 ParOldGen       total 110080K, used 42698K [0x0000000081a00000, 0x0000000088580000, 0x00000000d5e00000)
  object space 110080K, 38% used [0x0000000081a00000,0x00000000843b2bf8,0x0000000088580000)
 Metaspace       used 34699K, capacity 35386K, committed 35456K, reserved 1081344K
  class space    used 4007K, capacity 4206K, committed 4224K, reserved 1048576K
}
Event: 28.542 GC heap before
{Heap before GC invocations=17 (full 2):
 PSYoungGen      total 338432K, used 305152K [0x00000000d5e00000, 0x00000000ecc80000, 0x0000000100000000)
  eden space 305152K, 100% used [0x00000000d5e00000,0x00000000e8800000,0x00000000e8800000)
  from space 33280K, 0% used [0x00000000ea900000,0x00000000ea900000,0x00000000ec980000)
  to   space 33792K, 0% used [0x00000000e8800000,0x00000000e8800000,0x00000000ea900000)
 ParOldGen       total 110080K, used 42698K [0x0000000081a00000, 0x0000000088580000, 0x00000000d5e00000)
  object space 110080K, 38% used [0x0000000081a00000,0x00000000843b2bf8,0x0000000088580000)
 Metaspace       used 54481K, capacity 55408K, committed 55808K, reserved 1097728K
  class space    used 6306K, capacity 6531K, committed 6656K, reserved 1048576K
Event: 28.570 GC heap after
Heap after GC invocations=17 (full 2):
 PSYoungGen      total 338944K, used 27100K [0x00000000d5e00000, 0x00000000f4b00000, 0x0000000100000000)
  eden space 305152K, 0% used [0x00000000d5e00000,0x00000000d5e00000,0x00000000e8800000)
  from space 33792K, 80% used [0x00000000e8800000,0x00000000ea2772b0,0x00000000ea900000)
  to   space 36864K, 0% used [0x00000000f2700000,0x00000000f2700000,0x00000000f4b00000)
 ParOldGen       total 110080K, used 42706K [0x0000000081a00000, 0x0000000088580000, 0x00000000d5e00000)
  object space 110080K, 38% used [0x0000000081a00000,0x00000000843b4bf8,0x0000000088580000)
 Metaspace       used 54481K, capacity 55408K, committed 55808K, reserved 1097728K
  class space    used 6306K, capacity 6531K, committed 6656K, reserved 1048576K
}
Event: 29.100 GC heap before
{Heap before GC invocations=18 (full 2):
 PSYoungGen      total 338944K, used 82024K [0x00000000d5e00000, 0x00000000f4b00000, 0x0000000100000000)
  eden space 305152K, 17% used [0x00000000d5e00000,0x00000000d93a2ec8,0x00000000e8800000)
  from space 33792K, 80% used [0x00000000e8800000,0x00000000ea2772b0,0x00000000ea900000)
  to   space 36864K, 0% used [0x00000000f2700000,0x00000000f2700000,0x00000000f4b00000)
 ParOldGen       total 110080K, used 42706K [0x0000000081a00000, 0x0000000088580000, 0x00000000d5e00000)
  object space 110080K, 38% used [0x0000000081a00000,0x00000000843b4bf8,0x0000000088580000)
 Metaspace       used 58010K, capacity 58838K, committed 59096K, reserved 1101824K
  class space    used 6600K, capacity 6820K, committed 6912K, reserved 1048576K
Event: 29.113 GC heap after
Heap after GC invocations=18 (full 2):
 PSYoungGen      total 460800K, used 4399K [0x00000000d5e00000, 0x00000000f4700000, 0x0000000100000000)
  eden space 428032K, 0% used [0x00000000d5e00000,0x00000000d5e00000,0x00000000f0000000)
  from space 32768K, 13% used [0x00000000f2700000,0x00000000f2b4bd88,0x00000000f4700000)
  to   space 36352K, 0% used [0x00000000f0000000,0x00000000f0000000,0x00000000f2380000)
 ParOldGen       total 110080K, used 56054K [0x0000000081a00000, 0x0000000088580000, 0x00000000d5e00000)
  object space 110080K, 50% used [0x0000000081a00000,0x00000000850bdb50,0x0000000088580000)
 Metaspace       used 58010K, capacity 58838K, committed 59096K, reserved 1101824K
  class space    used 6600K, capacity 6820K, committed 6912K, reserved 1048576K
}
Event: 29.113 GC heap before
{Heap before GC invocations=19 (full 3):
 PSYoungGen      total 460800K, used 4399K [0x00000000d5e00000, 0x00000000f4700000, 0x0000000100000000)
  eden space 428032K, 0% used [0x00000000d5e00000,0x00000000d5e00000,0x00000000f0000000)
  from space 32768K, 13% used [0x00000000f2700000,0x00000000f2b4bd88,0x00000000f4700000)
  to   space 36352K, 0% used [0x00000000f0000000,0x00000000f0000000,0x00000000f2380000)
 ParOldGen       total 110080K, used 56054K [0x0000000081a00000, 0x0000000088580000, 0x00000000d5e00000)
  object space 110080K, 50% used [0x0000000081a00000,0x00000000850bdb50,0x0000000088580000)
 Metaspace       used 58010K, capacity 58838K, committed 59096K, reserved 1101824K
  class space    used 6600K, capacity 6820K, committed 6912K, reserved 1048576K
Event: 29.282 GC heap after
Heap after GC invocations=19 (full 3):
 PSYoungGen      total 460800K, used 0K [0x00000000d5e00000, 0x00000000f4700000, 0x0000000100000000)
  eden space 428032K, 0% used [0x00000000d5e00000,0x00000000d5e00000,0x00000000f0000000)
  from space 32768K, 0% used [0x00000000f2700000,0x00000000f2700000,0x00000000f4700000)
  to   space 36352K, 0% used [0x00000000f0000000,0x00000000f0000000,0x00000000f2380000)
 ParOldGen       total 123904K, used 42694K [0x0000000081a00000, 0x0000000089300000, 0x00000000d5e00000)
  object space 123904K, 34% used [0x0000000081a00000,0x00000000843b1ac8,0x0000000089300000)
 Metaspace       used 58010K, capacity 58838K, committed 59096K, reserved 1101824K
  class space    used 6600K, capacity 6820K, committed 6912K, reserved 1048576K
}

